<?xml version="1.0" encoding="UTF-8"?>
<testsuite name="MoodAnalyserTest" tests="2" skipped="0" failures="0" errors="0" timestamp="2021-04-04T17:29:01" hostname="LAPTOP-TLTN6P2Q" time="0.008">
  <properties/>
  <testcase name="given_message_when_sad_returns_sad" classname="MoodAnalyserTest" time="0.008"/>
  <testcase name="given_message_when_Happy_returns_Happy" classname="MoodAnalyserTest" time="0.0"/>
  <system-out><![CDATA[]]></system-out>
  <system-err><![CDATA[]]></system-err>
</testsuite>
